#
# There is insufficient memory for the Java Runtime Environment to continue.
# Native memory allocation (mmap) failed to map 147849216 bytes for committing reserved memory.
# Possible reasons:
#   The system is out of physical RAM or swap space
#   In 32 bit mode, the process size limit was hit
# Possible solutions:
#   Reduce memory load on the system
#   Increase physical memory or swap space
#   Check if swap backing store is full
#   Use 64 bit Java on a 64 bit OS
#   Decrease Java heap size (-Xmx/-Xms)
#   Decrease number of Java threads
#   Decrease Java thread stack sizes (-Xss)
#   Set larger code cache with -XX:ReservedCodeCacheSize=
# This output file may be truncated or incomplete.
#
#  Out of Memory Error (os_linux.cpp:2673), pid=4620, tid=140581070124800
#
# JRE version: Java(TM) SE Runtime Environment (8.0_45-b14) (build 1.8.0_45-b14)
# Java VM: Java HotSpot(TM) 64-Bit Server VM (25.45-b02 mixed mode linux-amd64 compressed oops)
# Failed to write core dump. Core dumps have been disabled. To enable core dumping, try "ulimit -c unlimited" before starting Java again
#

---------------  T H R E A D  ---------------

Current thread (0x00007fdbac076800):  VMThread [stack: 0x00007fdb94af3000,0x00007fdb94bf4000] [id=4653]

Stack: [0x00007fdb94af3000,0x00007fdb94bf4000],  sp=0x00007fdb94bf2320,  free space=1020k
Native frames: (J=compiled Java code, j=interpreted, Vv=VM code, C=native code)
V  [libjvm.so+0xaac99a]  VMError::report_and_die()+0x2ba
V  [libjvm.so+0x4f333b]  report_vm_out_of_memory(char const*, int, unsigned long, VMErrorType, char const*)+0x8b
V  [libjvm.so+0x90e7c3]  os::Linux::commit_memory_impl(char*, unsigned long, bool)+0x103
V  [libjvm.so+0x90ed19]  os::pd_commit_memory(char*, unsigned long, unsigned long, bool)+0x29
V  [libjvm.so+0x90867a]  os::commit_memory(char*, unsigned long, unsigned long, bool)+0x2a
V  [libjvm.so+0x97bac3]  PSVirtualSpace::expand_by(unsigned long)+0x53
V  [libjvm.so+0x97cec8]  PSYoungGen::resize_generation(unsigned long, unsigned long)+0xf8
V  [libjvm.so+0x97c022]  PSYoungGen::resize(unsigned long, unsigned long)+0x22
V  [libjvm.so+0x9792fb]  PSScavenge::invoke_no_policy()+0xf7b
V  [libjvm.so+0x979a81]  PSScavenge::invoke()+0x41
V  [libjvm.so+0x932050]  ParallelScavengeHeap::failed_mem_allocate(unsigned long)+0x70
V  [libjvm.so+0xaae1d7]  VM_ParallelGCFailedAllocation::doit()+0x97
V  [libjvm.so+0xab59c5]  VM_Operation::evaluate()+0x55
V  [libjvm.so+0xab3d9a]  VMThread::evaluate_operation(VM_Operation*)+0xba
V  [libjvm.so+0xab411e]  VMThread::loop()+0x1ce
V  [libjvm.so+0xab4590]  VMThread::run()+0x70
V  [libjvm.so+0x910de8]  java_start(Thread*)+0x108

VM_Operation (0x00007fdbb2c48990): ParallelGCFailedAllocation, mode: safepoint, requested by thread 0x00007fdbac008800


---------------  P R O C E S S  ---------------

Java Threads: ( => current thread )
  0x00007fdbac0c1000 JavaThread "Service Thread" daemon [_thread_blocked, id=4685, stack(0x00007fdb94132000,0x00007fdb94233000)]
  0x00007fdbac0bc000 JavaThread "C1 CompilerThread2" daemon [_thread_blocked, id=4682, stack(0x00007fdb94233000,0x00007fdb94334000)]
  0x00007fdbac0ba000 JavaThread "C2 CompilerThread1" daemon [_thread_blocked, id=4680, stack(0x00007fdb94334000,0x00007fdb94435000)]
  0x00007fdbac0b7000 JavaThread "C2 CompilerThread0" daemon [_thread_blocked, id=4678, stack(0x00007fdb94435000,0x00007fdb94536000)]
  0x00007fdbac0b6000 JavaThread "Signal Dispatcher" daemon [_thread_blocked, id=4677, stack(0x00007fdb94536000,0x00007fdb94637000)]
  0x00007fdbac07d800 JavaThread "Finalizer" daemon [_thread_blocked, id=4666, stack(0x00007fdb948f1000,0x00007fdb949f2000)]
  0x00007fdbac07b800 JavaThread "Reference Handler" daemon [_thread_blocked, id=4665, stack(0x00007fdb949f2000,0x00007fdb94af3000)]
  0x00007fdbac008800 JavaThread "main" [_thread_blocked, id=4622, stack(0x00007fdbb2b4a000,0x00007fdbb2c4b000)]

Other Threads:
=>0x00007fdbac076800 VMThread [stack: 0x00007fdb94af3000,0x00007fdb94bf4000] [id=4653]
  0x00007fdbac0c3800 WatcherThread [stack: 0x00007fdb94031000,0x00007fdb94132000] [id=4687]

VM state:at safepoint (normal execution)

VM Mutex/Monitor currently owned by a thread:  ([mutex/lock_event])
[0x00007fdbac006380] Threads_lock - owner thread: 0x00007fdbac076800
[0x00007fdbac006880] Heap_lock - owner thread: 0x00007fdbac008800

Heap:
 PSYoungGen      total 141824K, used 16874K [0x00000000eab00000, 0x00000000f4800000, 0x0000000100000000)
  eden space 124928K, 0% used [0x00000000eab00000,0x00000000eab00000,0x00000000f2500000)
  from space 16896K, 99% used [0x00000000f2500000,0x00000000f357a880,0x00000000f3580000)
  to   space 14848K, 0% used [0x00000000f3580000,0x00000000f3580000,0x00000000f4400000)
 ParOldGen       total 84992K, used 40092K [0x00000000c0000000, 0x00000000c5300000, 0x00000000eab00000)
  object space 84992K, 47% used [0x00000000c0000000,0x00000000c27273a8,0x00000000c5300000)
 Metaspace       used 5942K, capacity 7152K, committed 7296K, reserved 1056768K
  class space    used 552K, capacity 616K, committed 640K, reserved 1048576K

Card table byte_map: [0x00007fdbb0150000,0x00007fdbb0351000] byte_map_base: 0x00007fdbafb50000

Marking Bits: (ParMarkBitMap*) 0x00007fdbb205d760
 Begin Bits: [0x00007fdb96000000, 0x00007fdb97000000)
 End Bits:   [0x00007fdb97000000, 0x00007fdb98000000)

Polling page: 0x00007fdbb2c80000

CodeCache: size=245760Kb used=7954Kb max_used=7954Kb free=237805Kb
 bounds [0x00007fdb9d000000, 0x00007fdb9d7d0000, 0x00007fdbac000000]
 total_blobs=2108 nmethods=1843 adapters=178
 compilation: enabled

Compilation events (10 events):
Event: 9.103 Thread 0x00007fdbac0bc000 1907       2       com.android.dx.ssa.back.FirstFitLocalCombiningAllocator::ssaSetToSpecs (57 bytes)
Event: 9.103 Thread 0x00007fdbac0bc000 nmethod 1907 0x00007fdb9d7af710 code [0x00007fdb9d7af920, 0x00007fdb9d7b0138]
Event: 9.117 Thread 0x00007fdbac0bc000 1909       1       com.android.dx.cf.code.SwitchList::size (5 bytes)
Event: 9.117 Thread 0x00007fdbac0bc000 nmethod 1909 0x00007fdb9d758b90 code [0x00007fdb9d758ce0, 0x00007fdb9d758df0]
Event: 9.131 Thread 0x00007fdbac0bc000 1910       2       com.android.dx.rop.type.Type::getArrayType (50 bytes)
Event: 9.131 Thread 0x00007fdbac0bc000 nmethod 1910 0x00007fdb9d7b3c10 code [0x00007fdb9d7b3dc0, 0x00007fdb9d7b4228]
Event: 9.180 Thread 0x00007fdbac0bc000 1911       2       com.android.dx.ssa.DeadCodeRemover$NoSideEffectVisitor::visitMoveInsn (22 bytes)
Event: 9.180 Thread 0x00007fdbac0bc000 nmethod 1911 0x00007fdb9d7c8890 code [0x00007fdb9d7c8a00, 0x00007fdb9d7c8bd8]
Event: 9.210 Thread 0x00007fdbac0bc000 1912       2       com.android.dx.rop.code.Rops::opConv (231 bytes)
Event: 9.211 Thread 0x00007fdbac0bc000 nmethod 1912 0x00007fdb9d7c8d50 code [0x00007fdb9d7c8fe0, 0x00007fdb9d7c9b78]

GC Heap History (10 events):
Event: 5.201 GC heap after
Heap after GC invocations=2 (full 0):
 PSYoungGen      total 36864K, used 5091K [0x00000000eab00000, 0x00000000ef300000, 0x0000000100000000)
  eden space 31744K, 0% used [0x00000000eab00000,0x00000000eab00000,0x00000000eca00000)
  from space 5120K, 99% used [0x00000000ecf00000,0x00000000ed3f8d60,0x00000000ed400000)
  to   space 5120K, 0% used [0x00000000eca00000,0x00000000eca00000,0x00000000ecf00000)
 ParOldGen       total 84992K, used 5783K [0x00000000c0000000, 0x00000000c5300000, 0x00000000eab00000)
  object space 84992K, 6% used [0x00000000c0000000,0x00000000c05a5f70,0x00000000c5300000)
 Metaspace       used 5809K, capacity 7024K, committed 7296K, reserved 1056768K
  class space    used 551K, capacity 616K, committed 640K, reserved 1048576K
}
Event: 5.400 GC heap before
{Heap before GC invocations=3 (full 0):
 PSYoungGen      total 36864K, used 36835K [0x00000000eab00000, 0x00000000ef300000, 0x0000000100000000)
  eden space 31744K, 100% used [0x00000000eab00000,0x00000000eca00000,0x00000000eca00000)
  from space 5120K, 99% used [0x00000000ecf00000,0x00000000ed3f8d60,0x00000000ed400000)
  to   space 5120K, 0% used [0x00000000eca00000,0x00000000eca00000,0x00000000ecf00000)
 ParOldGen       total 84992K, used 5783K [0x00000000c0000000, 0x00000000c5300000, 0x00000000eab00000)
  object space 84992K, 6% used [0x00000000c0000000,0x00000000c05a5f70,0x00000000c5300000)
 Metaspace       used 5833K, capacity 7088K, committed 7296K, reserved 1056768K
  class space    used 551K, capacity 616K, committed 640K, reserved 1048576K
Event: 5.428 GC heap after
Heap after GC invocations=3 (full 0):
 PSYoungGen      total 36864K, used 5108K [0x00000000eab00000, 0x00000000ef300000, 0x0000000100000000)
  eden space 31744K, 0% used [0x00000000eab00000,0x00000000eab00000,0x00000000eca00000)
  from space 5120K, 99% used [0x00000000eca00000,0x00000000ecefd178,0x00000000ecf00000)
  to   space 5120K, 0% used [0x00000000eee00000,0x00000000eee00000,0x00000000ef300000)
 ParOldGen       total 84992K, used 9188K [0x00000000c0000000, 0x00000000c5300000, 0x00000000eab00000)
  object space 84992K, 10% used [0x00000000c0000000,0x00000000c08f90e8,0x00000000c5300000)
 Metaspace       used 5833K, capacity 7088K, committed 7296K, reserved 1056768K
  class space    used 551K, capacity 616K, committed 640K, reserved 1048576K
}
Event: 5.802 GC heap before
{Heap before GC invocations=4 (full 0):
 PSYoungGen      total 36864K, used 36852K [0x00000000eab00000, 0x00000000ef300000, 0x0000000100000000)
  eden space 31744K, 100% used [0x00000000eab00000,0x00000000eca00000,0x00000000eca00000)
  from space 5120K, 99% used [0x00000000eca00000,0x00000000ecefd178,0x00000000ecf00000)
  to   space 5120K, 0% used [0x00000000eee00000,0x00000000eee00000,0x00000000ef300000)
 ParOldGen       total 84992K, used 9188K [0x00000000c0000000, 0x00000000c5300000, 0x00000000eab00000)
  object space 84992K, 10% used [0x00000000c0000000,0x00000000c08f90e8,0x00000000c5300000)
 Metaspace       used 5853K, capacity 7088K, committed 7296K, reserved 1056768K
  class space    used 551K, capacity 616K, committed 640K, reserved 1048576K
Event: 5.827 GC heap after
Heap after GC invocations=4 (full 0):
 PSYoungGen      total 68608K, used 5109K [0x00000000eab00000, 0x00000000ef300000, 0x0000000100000000)
  eden space 63488K, 0% used [0x00000000eab00000,0x00000000eab00000,0x00000000ee900000)
  from space 5120K, 99% used [0x00000000eee00000,0x00000000ef2fd6c8,0x00000000ef300000)
  to   space 5120K, 0% used [0x00000000ee900000,0x00000000ee900000,0x00000000eee00000)
 ParOldGen       total 84992K, used 14068K [0x00000000c0000000, 0x00000000c5300000, 0x00000000eab00000)
  object space 84992K, 16% used [0x00000000c0000000,0x00000000c0dbd380,0x00000000c5300000)
 Metaspace       used 5853K, capacity 7088K, committed 7296K, reserved 1056768K
  class space    used 551K, capacity 616K, committed 640K, reserved 1048576K
}
Event: 6.132 GC heap before
{Heap before GC invocations=5 (full 0):
 PSYoungGen      total 68608K, used 68597K [0x00000000eab00000, 0x00000000ef300000, 0x0000000100000000)
  eden space 63488K, 100% used [0x00000000eab00000,0x00000000ee900000,0x00000000ee900000)
  from space 5120K, 99% used [0x00000000eee00000,0x00000000ef2fd6c8,0x00000000ef300000)
  to   space 5120K, 0% used [0x00000000ee900000,0x00000000ee900000,0x00000000eee00000)
 ParOldGen       total 84992K, used 14068K [0x00000000c0000000, 0x00000000c5300000, 0x00000000eab00000)
  object space 84992K, 16% used [0x00000000c0000000,0x00000000c0dbd380,0x00000000c5300000)
 Metaspace       used 5907K, capacity 7152K, committed 7296K, reserved 1056768K
  class space    used 552K, capacity 616K, committed 640K, reserved 1048576K
Event: 6.187 GC heap after
Heap after GC invocations=5 (full 0):
 PSYoungGen      total 68608K, used 5106K [0x00000000eab00000, 0x00000000f4400000, 0x0000000100000000)
  eden space 63488K, 0% used [0x00000000eab00000,0x00000000eab00000,0x00000000ee900000)
  from space 5120K, 99% used [0x00000000ee900000,0x00000000eedfc890,0x00000000eee00000)
  to   space 14848K, 0% used [0x00000000f3580000,0x00000000f3580000,0x00000000f4400000)
 ParOldGen       total 84992K, used 23531K [0x00000000c0000000, 0x00000000c5300000, 0x00000000eab00000)
  object space 84992K, 27% used [0x00000000c0000000,0x00000000c16faee8,0x00000000c5300000)
 Metaspace       used 5907K, capacity 7152K, committed 7296K, reserved 1056768K
  class space    used 552K, capacity 616K, committed 640K, reserved 1048576K
}
Event: 6.933 GC heap before
{Heap before GC invocations=6 (full 0):
 PSYoungGen      total 68608K, used 68594K [0x00000000eab00000, 0x00000000f4400000, 0x0000000100000000)
  eden space 63488K, 100% used [0x00000000eab00000,0x00000000ee900000,0x00000000ee900000)
  from space 5120K, 99% used [0x00000000ee900000,0x00000000eedfc890,0x00000000eee00000)
  to   space 14848K, 0% used [0x00000000f3580000,0x00000000f3580000,0x00000000f4400000)
 ParOldGen       total 84992K, used 23531K [0x00000000c0000000, 0x00000000c5300000, 0x00000000eab00000)
  object space 84992K, 27% used [0x00000000c0000000,0x00000000c16faee8,0x00000000c5300000)
 Metaspace       used 5916K, capacity 7152K, committed 7296K, reserved 1056768K
  class space    used 552K, capacity 616K, committed 640K, reserved 1048576K
Event: 8.159 GC heap after
Heap after GC invocations=6 (full 0):
 PSYoungGen      total 139776K, used 14816K [0x00000000eab00000, 0x00000000f4800000, 0x0000000100000000)
  eden space 124928K, 0% used [0x00000000eab00000,0x00000000eab00000,0x00000000f2500000)
  from space 14848K, 99% used [0x00000000f3580000,0x00000000f43f83e8,0x00000000f4400000)
  to   space 16896K, 0% used [0x00000000f2500000,0x00000000f2500000,0x00000000f3580000)
 ParOldGen       total 84992K, used 24019K [0x00000000c0000000, 0x00000000c5300000, 0x00000000eab00000)
  object space 84992K, 28% used [0x00000000c0000000,0x00000000c1774f10,0x00000000c5300000)
 Metaspace       used 5916K, capacity 7152K, committed 7296K, reserved 1056768K
  class space    used 552K, capacity 616K, committed 640K, reserved 1048576K
}
Event: 9.275 GC heap before
{Heap before GC invocations=7 (full 0):
 PSYoungGen      total 139776K, used 139744K [0x00000000eab00000, 0x00000000f4800000, 0x0000000100000000)
  eden space 124928K, 100% used [0x00000000eab00000,0x00000000f2500000,0x00000000f2500000)
  from space 14848K, 99% used [0x00000000f3580000,0x00000000f43f83e8,0x00000000f4400000)
  to   space 16896K, 0% used [0x00000000f2500000,0x00000000f2500000,0x00000000f3580000)
 ParOldGen       total 84992K, used 24019K [0x00000000c0000000, 0x00000000c5300000, 0x00000000eab00000)
  object space 84992K, 28% used [0x00000000c0000000,0x00000000c1774f10,0x00000000c5300000)
 Metaspace       used 5942K, capacity 7152K, committed 7296K, reserved 1056768K
  class space    used 552K, capacity 616K, committed 640K, reserved 1048576K

Deoptimization events (10 events):
Event: 5.837 Thread 0x00007fdbac008800 Uncommon trap: reason=unstable_if action=reinterpret pc=0x00007fdb9d693ddc method=com.android.dx.ssa.SCCP.simulateBranch(Lcom/android/dx/ssa/SsaInsn;)V @ 64
Event: 5.837 Thread 0x00007fdbac008800 Uncommon trap: reason=unstable_if action=reinterpret pc=0x00007fdb9d46d8bc method=com.android.dx.ssa.SsaMethod.updateOneDefinition(Lcom/android/dx/ssa/SsaInsn;Lcom/android/dx/rop/code/RegisterSpec;)V @ 4
Event: 5.948 Thread 0x00007fdbac008800 Uncommon trap: reason=unstable_if action=reinterpret pc=0x00007fdb9d35a0b0 method=com.android.dx.rop.code.RegisterSpec.equals(ILcom/android/dx/rop/type/TypeBearer;Lcom/android/dx/rop/code/LocalItem;)Z @ 16
Event: 6.005 Thread 0x00007fdbac008800 Uncommon trap: reason=bimorphic action=maybe_recompile pc=0x00007fdb9d6b9254 method=com.android.dx.cf.code.BytecodeArray.parseInstruction(ILcom/android/dx/cf/code/BytecodeArray$Visitor;)I @ 1501
Event: 6.005 Thread 0x00007fdbac008800 Uncommon trap: reason=bimorphic action=maybe_recompile pc=0x00007fdb9d6b8f80 method=com.android.dx.cf.code.BytecodeArray.parseInstruction(ILcom/android/dx/cf/code/BytecodeArray$Visitor;)I @ 2135
Event: 6.005 Thread 0x00007fdbac008800 Uncommon trap: reason=bimorphic action=maybe_recompile pc=0x00007fdb9d6b9254 method=com.android.dx.cf.code.BytecodeArray.parseInstruction(ILcom/android/dx/cf/code/BytecodeArray$Visitor;)I @ 1501
Event: 6.005 Thread 0x00007fdbac008800 Uncommon trap: reason=bimorphic action=maybe_recompile pc=0x00007fdb9d6b8f80 method=com.android.dx.cf.code.BytecodeArray.parseInstruction(ILcom/android/dx/cf/code/BytecodeArray$Visitor;)I @ 2135
Event: 6.070 Thread 0x00007fdbac008800 Uncommon trap: reason=unstable_if action=reinterpret pc=0x00007fdb9d35cc24 method=com.android.dx.rop.code.RegisterSpec.equals(ILcom/android/dx/rop/type/TypeBearer;Lcom/android/dx/rop/code/LocalItem;)Z @ 16
Event: 6.197 Thread 0x00007fdbac008800 Uncommon trap: reason=unstable_if action=reinterpret pc=0x00007fdb9d4cf104 method=com.android.dx.util.IntList.binarysearch(I)I @ 105
Event: 8.688 Thread 0x00007fdbac008800 Uncommon trap: reason=unstable_if action=reinterpret pc=0x00007fdb9d6f0640 method=com.android.dx.ssa.SCCP.simulateStmt(Lcom/android/dx/ssa/SsaInsn;)V @ 435

Internal exceptions (4 events):
Event: 0.067 Thread 0x00007fdbac008800 Exception <a 'java/lang/NoSuchMethodError': Method sun.misc.Unsafe.defineClass(Ljava/lang/String;[BII)Ljava/lang/Class; name or signature does not match> (0x00000000eab129b8) thrown at [/RE-WORK/workspace/8-2-build-linux-amd64/jdk8u45/3457/hotspot/src/sha
Event: 0.067 Thread 0x00007fdbac008800 Exception <a 'java/lang/NoSuchMethodError': Method sun.misc.Unsafe.prefetchRead(Ljava/lang/Object;J)V name or signature does not match> (0x00000000eab12c48) thrown at [/RE-WORK/workspace/8-2-build-linux-amd64/jdk8u45/3457/hotspot/src/share/vm/prims/jni.cp
Event: 0.986 Thread 0x00007fdbac008800 Implicit null exception at 0x00007fdb9d33fb5e to 0x00007fdb9d34122d
Event: 5.302 Thread 0x00007fdbac008800 Implicit null exception at 0x00007fdb9d4ae7a2 to 0x00007fdb9d4ae896

Events (10 events):
Event: 8.424 Thread 0x00007fdbac008800 DEOPT PACKING pc=0x00007fdb9d657410 sp=0x00007fdbb2c48760
Event: 8.424 Thread 0x00007fdbac008800 DEOPT UNPACKING pc=0x00007fdb9d047633 sp=0x00007fdbb2c48540 mode 0
Event: 8.578 Thread 0x00007fdbac008800 DEOPT PACKING pc=0x00007fdb9d6e5f82 sp=0x00007fdbb2c48c20
Event: 8.578 Thread 0x00007fdbac008800 DEOPT UNPACKING pc=0x00007fdb9d047633 sp=0x00007fdbb2c48a70 mode 0
Event: 8.688 Thread 0x00007fdbac008800 Uncommon trap: trap_request=0xffffff65 fr.pc=0x00007fdb9d6f0640
Event: 8.688 Thread 0x00007fdbac008800 DEOPT PACKING pc=0x00007fdb9d6f0640 sp=0x00007fdbb2c48a10
Event: 8.688 Thread 0x00007fdbac008800 DEOPT UNPACKING pc=0x00007fdb9d005229 sp=0x00007fdbb2c48a48 mode 2
Event: 8.984 Thread 0x00007fdbac008800 DEOPT PACKING pc=0x00007fdb9d66b92f sp=0x00007fdbb2c488e0
Event: 8.984 Thread 0x00007fdbac008800 DEOPT UNPACKING pc=0x00007fdb9d047633 sp=0x00007fdbb2c48680 mode 0
Event: 9.275 Executing VM operation: ParallelGCFailedAllocation


Dynamic libraries:
00400000-00401000 r-xp 00000000 08:04 662842                             /usr/lib/jvm/java-8-jdk/jre/bin/java
00600000-00601000 rw-p 00000000 08:04 662842                             /usr/lib/jvm/java-8-jdk/jre/bin/java
01f78000-01f99000 rw-p 00000000 00:00 0                                  [heap]
c0000000-c5300000 rw-p 00000000 00:00 0 
c5300000-eab00000 ---p 00000000 00:00 0 
eab00000-f4800000 rw-p 00000000 00:00 0 
fd500000-100000000 ---p 00000000 00:00 0 
100000000-1000a0000 rw-p 00000000 00:00 0 
1000a0000-140000000 ---p 00000000 00:00 0 
7fdb60000000-7fdb60021000 rw-p 00000000 00:00 0 
7fdb60021000-7fdb64000000 ---p 00000000 00:00 0 
7fdb64000000-7fdb64021000 rw-p 00000000 00:00 0 
7fdb64021000-7fdb68000000 ---p 00000000 00:00 0 
7fdb68000000-7fdb69172000 rw-p 00000000 00:00 0 
7fdb69172000-7fdb6c000000 ---p 00000000 00:00 0 
7fdb6c000000-7fdb6cc08000 rw-p 00000000 00:00 0 
7fdb6cc08000-7fdb70000000 ---p 00000000 00:00 0 
7fdb70000000-7fdb70021000 rw-p 00000000 00:00 0 
7fdb70021000-7fdb74000000 ---p 00000000 00:00 0 
7fdb74000000-7fdb7500f000 rw-p 00000000 00:00 0 
7fdb7500f000-7fdb78000000 ---p 00000000 00:00 0 
7fdb78000000-7fdb78021000 rw-p 00000000 00:00 0 
7fdb78021000-7fdb7c000000 ---p 00000000 00:00 0 
7fdb7c000000-7fdb7c021000 rw-p 00000000 00:00 0 
7fdb7c021000-7fdb80000000 ---p 00000000 00:00 0 
7fdb80000000-7fdb80021000 rw-p 00000000 00:00 0 
7fdb80021000-7fdb84000000 ---p 00000000 00:00 0 
7fdb84000000-7fdb8428a000 rw-p 00000000 00:00 0 
7fdb8428a000-7fdb88000000 ---p 00000000 00:00 0 
7fdb88000000-7fdb88021000 rw-p 00000000 00:00 0 
7fdb88021000-7fdb8c000000 ---p 00000000 00:00 0 
7fdb90000000-7fdb90021000 rw-p 00000000 00:00 0 
7fdb90021000-7fdb94000000 ---p 00000000 00:00 0 
7fdb94031000-7fdb94032000 ---p 00000000 00:00 0 
7fdb94032000-7fdb94132000 rw-p 00000000 00:00 0                          [stack:4687]
7fdb94132000-7fdb94135000 ---p 00000000 00:00 0 
7fdb94135000-7fdb94233000 rw-p 00000000 00:00 0                          [stack:4685]
7fdb94233000-7fdb94236000 ---p 00000000 00:00 0 
7fdb94236000-7fdb94334000 rw-p 00000000 00:00 0                          [stack:4682]
7fdb94334000-7fdb94337000 ---p 00000000 00:00 0 
7fdb94337000-7fdb94435000 rw-p 00000000 00:00 0                          [stack:4680]
7fdb94435000-7fdb94438000 ---p 00000000 00:00 0 
7fdb94438000-7fdb94536000 rw-p 00000000 00:00 0                          [stack:4678]
7fdb94536000-7fdb94539000 ---p 00000000 00:00 0 
7fdb94539000-7fdb94637000 rw-p 00000000 00:00 0                          [stack:4677]
7fdb94637000-7fdb948f1000 r--p 00000000 08:04 411806                     /usr/lib/locale/locale-archive
7fdb948f1000-7fdb948f4000 ---p 00000000 00:00 0 
7fdb948f4000-7fdb949f2000 rw-p 00000000 00:00 0                          [stack:4666]
7fdb949f2000-7fdb949f5000 ---p 00000000 00:00 0 
7fdb949f5000-7fdb94af3000 rw-p 00000000 00:00 0                          [stack:4665]
7fdb94af3000-7fdb94af4000 ---p 00000000 00:00 0 
7fdb94af4000-7fdb95e80000 rw-p 00000000 00:00 0                          [stack:4653]
7fdb95e80000-7fdb96000000 ---p 00000000 00:00 0 
7fdb96000000-7fdb98000000 rw-p 00000000 00:00 0 
7fdb98000000-7fdb98021000 rw-p 00000000 00:00 0 
7fdb98021000-7fdb9c000000 ---p 00000000 00:00 0 
7fdb9c020000-7fdb9c032000 r--s 000c6000 08:04 1982467                    /home/padster/Android/AndroidStudioProjects/SimplePicross/app/build/intermediates/exploded-aar/com.android.support/support-v4/22.2.0/jars/classes.jar
7fdb9c032000-7fdb9c398000 rw-p 00000000 00:00 0 
7fdb9c398000-7fdb9c571000 r--s 03d09000 08:04 662859                     /usr/lib/jvm/java-8-jdk/jre/lib/rt.jar
7fdb9c571000-7fdb9c7e7000 rw-p 00000000 00:00 0 
7fdb9c7e7000-7fdb9c7e8000 ---p 00000000 00:00 0 
7fdb9c7e8000-7fdb9c8e8000 rw-p 00000000 00:00 0                          [stack:4629]
7fdb9c8e8000-7fdb9c8e9000 ---p 00000000 00:00 0 
7fdb9c8e9000-7fdb9c9e9000 rw-p 00000000 00:00 0                          [stack:4628]
7fdb9c9e9000-7fdb9c9ea000 ---p 00000000 00:00 0 
7fdb9c9ea000-7fdb9cb14000 rw-p 00000000 00:00 0                          [stack:4627]
7fdb9cb14000-7fdb9cc40000 ---p 00000000 00:00 0 
7fdb9cc40000-7fdb9cc60000 rw-p 00000000 00:00 0 
7fdb9cc60000-7fdb9d000000 ---p 00000000 00:00 0 
7fdb9d000000-7fdb9d7d0000 rwxp 00000000 00:00 0 
7fdb9d7d0000-7fdbac000000 ---p 00000000 00:00 0 
7fdbac000000-7fdbac398000 rw-p 00000000 00:00 0 
7fdbac398000-7fdbb0000000 ---p 00000000 00:00 0 
7fdbb0000000-7fdbb004f000 rw-p 00000000 00:00 0 
7fdbb004f000-7fdbb0050000 ---p 00000000 00:00 0 
7fdbb0050000-7fdbb017a000 rw-p 00000000 00:00 0                          [stack:4626]
7fdbb017a000-7fdbb02a5000 ---p 00000000 00:00 0 
7fdbb02a5000-7fdbb02f4000 rw-p 00000000 00:00 0 
7fdbb02f4000-7fdbb0350000 ---p 00000000 00:00 0 
7fdbb0350000-7fdbb0351000 rw-p 00000000 00:00 0 
7fdbb0351000-7fdbb036b000 r-xp 00000000 08:04 662957                     /usr/lib/jvm/java-8-jdk/jre/lib/amd64/libzip.so
7fdbb036b000-7fdbb056b000 ---p 0001a000 08:04 662957                     /usr/lib/jvm/java-8-jdk/jre/lib/amd64/libzip.so
7fdbb056b000-7fdbb056c000 rw-p 0001a000 08:04 662957                     /usr/lib/jvm/java-8-jdk/jre/lib/amd64/libzip.so
7fdbb056c000-7fdbb0577000 r-xp 00000000 08:04 395622                     /usr/lib/libnss_files-2.21.so
7fdbb0577000-7fdbb0777000 ---p 0000b000 08:04 395622                     /usr/lib/libnss_files-2.21.so
7fdbb0777000-7fdbb0778000 r--p 0000b000 08:04 395622                     /usr/lib/libnss_files-2.21.so
7fdbb0778000-7fdbb0779000 rw-p 0000c000 08:04 395622                     /usr/lib/libnss_files-2.21.so
7fdbb0779000-7fdbb07a3000 r-xp 00000000 08:04 662964                     /usr/lib/jvm/java-8-jdk/jre/lib/amd64/libjava.so
7fdbb07a3000-7fdbb09a3000 ---p 0002a000 08:04 662964                     /usr/lib/jvm/java-8-jdk/jre/lib/amd64/libjava.so
7fdbb09a3000-7fdbb09a5000 rw-p 0002a000 08:04 662964                     /usr/lib/jvm/java-8-jdk/jre/lib/amd64/libjava.so
7fdbb09a5000-7fdbb09b2000 r-xp 00000000 08:04 662924                     /usr/lib/jvm/java-8-jdk/jre/lib/amd64/libverify.so
7fdbb09b2000-7fdbb0bb2000 ---p 0000d000 08:04 662924                     /usr/lib/jvm/java-8-jdk/jre/lib/amd64/libverify.so
7fdbb0bb2000-7fdbb0bb4000 rw-p 0000d000 08:04 662924                     /usr/lib/jvm/java-8-jdk/jre/lib/amd64/libverify.so
7fdbb0bb4000-7fdbb0bbb000 r-xp 00000000 08:04 395686                     /usr/lib/librt-2.21.so
7fdbb0bbb000-7fdbb0dba000 ---p 00007000 08:04 395686                     /usr/lib/librt-2.21.so
7fdbb0dba000-7fdbb0dbb000 r--p 00006000 08:04 395686                     /usr/lib/librt-2.21.so
7fdbb0dbb000-7fdbb0dbc000 rw-p 00007000 08:04 395686                     /usr/lib/librt-2.21.so
7fdbb0dbc000-7fdbb0ebf000 r-xp 00000000 08:04 395724                     /usr/lib/libm-2.21.so
7fdbb0ebf000-7fdbb10be000 ---p 00103000 08:04 395724                     /usr/lib/libm-2.21.so
7fdbb10be000-7fdbb10bf000 r--p 00102000 08:04 395724                     /usr/lib/libm-2.21.so
7fdbb10bf000-7fdbb10c0000 rw-p 00103000 08:04 395724                     /usr/lib/libm-2.21.so
7fdbb10c0000-7fdbb1d6e000 r-xp 00000000 08:04 794628                     /usr/lib/jvm/java-8-jdk/jre/lib/amd64/server/libjvm.so
7fdbb1d6e000-7fdbb1f6d000 ---p 00cae000 08:04 794628                     /usr/lib/jvm/java-8-jdk/jre/lib/amd64/server/libjvm.so
7fdbb1f6d000-7fdbb2044000 rw-p 00cad000 08:04 794628                     /usr/lib/jvm/java-8-jdk/jre/lib/amd64/server/libjvm.so
7fdbb2044000-7fdbb2088000 rw-p 00000000 00:00 0 
7fdbb2088000-7fdbb2221000 r-xp 00000000 08:04 395641                     /usr/lib/libc-2.21.so
7fdbb2221000-7fdbb2420000 ---p 00199000 08:04 395641                     /usr/lib/libc-2.21.so
7fdbb2420000-7fdbb2424000 r--p 00198000 08:04 395641                     /usr/lib/libc-2.21.so
7fdbb2424000-7fdbb2426000 rw-p 0019c000 08:04 395641                     /usr/lib/libc-2.21.so
7fdbb2426000-7fdbb242a000 rw-p 00000000 00:00 0 
7fdbb242a000-7fdbb242d000 r-xp 00000000 08:04 395700                     /usr/lib/libdl-2.21.so
7fdbb242d000-7fdbb262c000 ---p 00003000 08:04 395700                     /usr/lib/libdl-2.21.so
7fdbb262c000-7fdbb262d000 r--p 00002000 08:04 395700                     /usr/lib/libdl-2.21.so
7fdbb262d000-7fdbb262e000 rw-p 00003000 08:04 395700                     /usr/lib/libdl-2.21.so
7fdbb262e000-7fdbb2643000 r-xp 00000000 08:04 794613                     /usr/lib/jvm/java-8-jdk/jre/lib/amd64/jli/libjli.so
7fdbb2643000-7fdbb2843000 ---p 00015000 08:04 794613                     /usr/lib/jvm/java-8-jdk/jre/lib/amd64/jli/libjli.so
7fdbb2843000-7fdbb2844000 rw-p 00015000 08:04 794613                     /usr/lib/jvm/java-8-jdk/jre/lib/amd64/jli/libjli.so
7fdbb2844000-7fdbb285c000 r-xp 00000000 08:04 395684                     /usr/lib/libpthread-2.21.so
7fdbb285c000-7fdbb2a5b000 ---p 00018000 08:04 395684                     /usr/lib/libpthread-2.21.so
7fdbb2a5b000-7fdbb2a5c000 r--p 00017000 08:04 395684                     /usr/lib/libpthread-2.21.so
7fdbb2a5c000-7fdbb2a5d000 rw-p 00018000 08:04 395684                     /usr/lib/libpthread-2.21.so
7fdbb2a5d000-7fdbb2a61000 rw-p 00000000 00:00 0 
7fdbb2a61000-7fdbb2a83000 r-xp 00000000 08:04 395718                     /usr/lib/ld-2.21.so
7fdbb2a85000-7fdbb2b4a000 rw-p 00000000 00:00 0 
7fdbb2b4a000-7fdbb2b4d000 ---p 00000000 00:00 0 
7fdbb2b4d000-7fdbb2c4f000 rw-p 00000000 00:00 0                          [stack:4622]
7fdbb2c53000-7fdbb2c54000 rw-p 00000000 00:00 0 
7fdbb2c54000-7fdbb2c63000 r--s 000dd000 08:04 1852856                    /home/padster/Android/Sdk/build-tools/22.0.1/lib/dx.jar
7fdbb2c63000-7fdbb2c77000 rw-p 00000000 00:00 0 
7fdbb2c77000-7fdbb2c7f000 rw-s 00000000 00:21 177093                     /tmp/hsperfdata_padster/4620
7fdbb2c7f000-7fdbb2c80000 rw-p 00000000 00:00 0 
7fdbb2c80000-7fdbb2c81000 ---p 00000000 00:00 0 
7fdbb2c81000-7fdbb2c82000 rw-p 00000000 00:00 0 
7fdbb2c82000-7fdbb2c83000 r--p 00021000 08:04 395718                     /usr/lib/ld-2.21.so
7fdbb2c83000-7fdbb2c84000 rw-p 00022000 08:04 395718                     /usr/lib/ld-2.21.so
7fdbb2c84000-7fdbb2c85000 rw-p 00000000 00:00 0 
7ffee10cb000-7ffee10ec000 rw-p 00000000 00:00 0                          [stack]
7ffee116e000-7ffee1170000 r--p 00000000 00:00 0                          [vvar]
7ffee1170000-7ffee1172000 r-xp 00000000 00:00 0                          [vdso]
ffffffffff600000-ffffffffff601000 r-xp 00000000 00:00 0                  [vsyscall]

VM Arguments:
jvm_args: -Xmx1024M -Dfile.encoding=UTF-8 -Duser.country=CA -Duser.language=en -Duser.variant 
java_command: com.android.dx.command.Main --dex --output /home/padster/Android/AndroidStudioProjects/SimplePicross/app/build/intermediates/pre-dexed/debug/classes-17e7ddec70bc234fcd806504747b9ac2df0850c6.jar /home/padster/Android/AndroidStudioProjects/SimplePicross/app/build/intermediates/exploded-aar/com.android.support/support-v4/22.2.0/jars/classes.jar
java_class_path (initial): /home/padster/Android/Sdk/build-tools/22.0.1/lib/dx.jar
Launcher Type: SUN_STANDARD

Environment Variables:
PATH=/usr/local/sbin:/usr/local/bin:/usr/bin:/usr/lib/jvm/default/bin:/usr/bin/site_perl:/usr/bin/vendor_perl:/usr/bin/core_perl
USERNAME=padster
LD_LIBRARY_PATH=/opt/android-studio/bin:
SHELL=/bin/bash
DISPLAY=:1

Signal Handlers:
SIGSEGV: [libjvm.so+0xaad1e0], sa_mask[0]=11111111011111111101111111111110, sa_flags=SA_RESTART|SA_SIGINFO
SIGBUS: [libjvm.so+0xaad1e0], sa_mask[0]=11111111011111111101111111111110, sa_flags=SA_RESTART|SA_SIGINFO
SIGFPE: [libjvm.so+0x90b450], sa_mask[0]=11111111011111111101111111111110, sa_flags=SA_RESTART|SA_SIGINFO
SIGPIPE: [libjvm.so+0x90b450], sa_mask[0]=11111111011111111101111111111110, sa_flags=SA_RESTART|SA_SIGINFO
SIGXFSZ: [libjvm.so+0x90b450], sa_mask[0]=11111111011111111101111111111110, sa_flags=SA_RESTART|SA_SIGINFO
SIGILL: [libjvm.so+0x90b450], sa_mask[0]=11111111011111111101111111111110, sa_flags=SA_RESTART|SA_SIGINFO
SIGUSR1: SIG_DFL, sa_mask[0]=00000000000000000000000000000000, sa_flags=none
SIGUSR2: [libjvm.so+0x90ca90], sa_mask[0]=00100000000000000000000000000000, sa_flags=SA_RESTART|SA_SIGINFO
SIGHUP: [libjvm.so+0x90dde0], sa_mask[0]=11111111011111111101111111111110, sa_flags=SA_RESTART|SA_SIGINFO
SIGINT: [libjvm.so+0x90dde0], sa_mask[0]=11111111011111111101111111111110, sa_flags=SA_RESTART|SA_SIGINFO
SIGTERM: [libjvm.so+0x90dde0], sa_mask[0]=11111111011111111101111111111110, sa_flags=SA_RESTART|SA_SIGINFO
SIGQUIT: [libjvm.so+0x90dde0], sa_mask[0]=11111111011111111101111111111110, sa_flags=SA_RESTART|SA_SIGINFO


---------------  S Y S T E M  ---------------

OS:LSB_VERSION=1.4
DISTRIB_ID=Arch
DISTRIB_RELEASE=rolling
DISTRIB_DESCRIPTION="Arch Linux"

uname:Linux 4.1.1-1-ARCH #1 SMP PREEMPT Sat Jul 4 13:10:39 UTC 2015 x86_64
libc:glibc 2.21 NPTL 2.21 
rlimit: STACK 8192k, CORE 0k, NPROC 31227, NOFILE 4096, AS infinity
load average:3.63 2.16 1.77

/proc/meminfo:
MemTotal:        8056384 kB
MemFree:           49832 kB
MemAvailable:      87680 kB
Buffers:             688 kB
Cached:           893060 kB
SwapCached:            0 kB
Active:          6792272 kB
Inactive:         730392 kB
Active(anon):    6772352 kB
Inactive(anon):   710844 kB
Active(file):      19920 kB
Inactive(file):    19548 kB
Unevictable:       10896 kB
Mlocked:           10896 kB
SwapTotal:             0 kB
SwapFree:              0 kB
Dirty:               444 kB
Writeback:           220 kB
AnonPages:       6640564 kB
Mapped:           319332 kB
Shmem:            851584 kB
Slab:              88892 kB
SReclaimable:      40632 kB
SUnreclaim:        48260 kB
KernelStack:       13936 kB
PageTables:        66356 kB
NFS_Unstable:          0 kB
Bounce:                0 kB
WritebackTmp:          0 kB
CommitLimit:     4028192 kB
Committed_AS:   15757492 kB
VmallocTotal:   34359738367 kB
VmallocUsed:      166092 kB
VmallocChunk:   34359537660 kB
HardwareCorrupted:     0 kB
AnonHugePages:   2842624 kB
HugePages_Total:       0
HugePages_Free:        0
HugePages_Rsvd:        0
HugePages_Surp:        0
Hugepagesize:       2048 kB
DirectMap4k:      963348 kB
DirectMap2M:     7301120 kB
DirectMap1G:     1048576 kB


CPU:total 4 (4 cores per cpu, 1 threads per core) family 6 model 60 stepping 3, cmov, cx8, fxsr, mmx, sse, sse2, sse3, ssse3, sse4.1, sse4.2, popcnt, avx, avx2, aes, clmul, erms, lzcnt, tsc, tscinvbit, bmi1, bmi2

/proc/cpuinfo:
processor	: 0
vendor_id	: GenuineIntel
cpu family	: 6
model		: 60
model name	: Intel(R) Core(TM) i5-4590 CPU @ 3.30GHz
stepping	: 3
microcode	: 0x1c
cpu MHz		: 3499.933
cache size	: 6144 KB
physical id	: 0
siblings	: 4
core id		: 0
cpu cores	: 4
apicid		: 0
initial apicid	: 0
fpu		: yes
fpu_exception	: yes
cpuid level	: 13
wp		: yes
flags		: fpu vme de pse tsc msr pae mce cx8 apic sep mtrr pge mca cmov pat pse36 clflush dts acpi mmx fxsr sse sse2 ss ht tm pbe syscall nx pdpe1gb rdtscp lm constant_tsc arch_perfmon pebs bts rep_good nopl xtopology nonstop_tsc aperfmperf eagerfpu pni pclmulqdq dtes64 monitor ds_cpl vmx smx est tm2 ssse3 fma cx16 xtpr pdcm pcid sse4_1 sse4_2 x2apic movbe popcnt tsc_deadline_timer aes xsave avx f16c rdrand lahf_lm abm ida arat pln pts dtherm tpr_shadow vnmi flexpriority ept vpid fsgsbase tsc_adjust bmi1 avx2 smep bmi2 erms invpcid xsaveopt
bugs		:
bogomips	: 6602.05
clflush size	: 64
cache_alignment	: 64
address sizes	: 39 bits physical, 48 bits virtual
power management:

processor	: 1
vendor_id	: GenuineIntel
cpu family	: 6
model		: 60
model name	: Intel(R) Core(TM) i5-4590 CPU @ 3.30GHz
stepping	: 3
microcode	: 0x1c
cpu MHz		: 3499.933
cache size	: 6144 KB
physical id	: 0
siblings	: 4
core id		: 1
cpu cores	: 4
apicid		: 2
initial apicid	: 2
fpu		: yes
fpu_exception	: yes
cpuid level	: 13
wp		: yes
flags		: fpu vme de pse tsc msr pae mce cx8 apic sep mtrr pge mca cmov pat pse36 clflush dts acpi mmx fxsr sse sse2 ss ht tm pbe syscall nx pdpe1gb rdtscp lm constant_tsc arch_perfmon pebs bts rep_good nopl xtopology nonstop_tsc aperfmperf eagerfpu pni pclmulqdq dtes64 monitor ds_cpl vmx smx est tm2 ssse3 fma cx16 xtpr pdcm pcid sse4_1 sse4_2 x2apic movbe popcnt tsc_deadline_timer aes xsave avx f16c rdrand lahf_lm abm ida arat pln pts dtherm tpr_shadow vnmi flexpriority ept vpid fsgsbase tsc_adjust bmi1 avx2 smep bmi2 erms invpcid xsaveopt
bugs		:
bogomips	: 6602.05
clflush size	: 64
cache_alignment	: 64
address sizes	: 39 bits physical, 48 bits virtual
power management:

processor	: 2
vendor_id	: GenuineIntel
cpu family	: 6
model		: 60
model name	: Intel(R) Core(TM) i5-4590 CPU @ 3.30GHz
stepping	: 3
microcode	: 0x1c
cpu MHz		: 3499.933
cache size	: 6144 KB
physical id	: 0
siblings	: 4
core id		: 2
cpu cores	: 4
apicid		: 4
initial apicid	: 4
fpu		: yes
fpu_exception	: yes
cpuid level	: 13
wp		: yes
flags		: fpu vme de pse tsc msr pae mce cx8 apic sep mtrr pge mca cmov pat pse36 clflush dts acpi mmx fxsr sse sse2 ss ht tm pbe syscall nx pdpe1gb rdtscp lm constant_tsc arch_perfmon pebs bts rep_good nopl xtopology nonstop_tsc aperfmperf eagerfpu pni pclmulqdq dtes64 monitor ds_cpl vmx smx est tm2 ssse3 fma cx16 xtpr pdcm pcid sse4_1 sse4_2 x2apic movbe popcnt tsc_deadline_timer aes xsave avx f16c rdrand lahf_lm abm ida arat pln pts dtherm tpr_shadow vnmi flexpriority ept vpid fsgsbase tsc_adjust bmi1 avx2 smep bmi2 erms invpcid xsaveopt
bugs		:
bogomips	: 6602.05
clflush size	: 64
cache_alignment	: 64
address sizes	: 39 bits physical, 48 bits virtual
power management:

processor	: 3
vendor_id	: GenuineIntel
cpu family	: 6
model		: 60
model name	: Intel(R) Core(TM) i5-4590 CPU @ 3.30GHz
stepping	: 3
microcode	: 0x1c
cpu MHz		: 3499.933
cache size	: 6144 KB
physical id	: 0
siblings	: 4
core id		: 3
cpu cores	: 4
apicid		: 6
initial apicid	: 6
fpu		: yes
fpu_exception	: yes
cpuid level	: 13
wp		: yes
flags		: fpu vme de pse tsc msr pae mce cx8 apic sep mtrr pge mca cmov pat pse36 clflush dts acpi mmx fxsr sse sse2 ss ht tm pbe syscall nx pdpe1gb rdtscp lm constant_tsc arch_perfmon pebs bts rep_good nopl xtopology nonstop_tsc aperfmperf eagerfpu pni pclmulqdq dtes64 monitor ds_cpl vmx smx est tm2 ssse3 fma cx16 xtpr pdcm pcid sse4_1 sse4_2 x2apic movbe popcnt tsc_deadline_timer aes xsave avx f16c rdrand lahf_lm abm ida arat pln pts dtherm tpr_shadow vnmi flexpriority ept vpid fsgsbase tsc_adjust bmi1 avx2 smep bmi2 erms invpcid xsaveopt
bugs		:
bogomips	: 6602.05
clflush size	: 64
cache_alignment	: 64
address sizes	: 39 bits physical, 48 bits virtual
power management:



Memory: 4k page, physical 8056384k(49832k free), swap 0k(0k free)

vm_info: Java HotSpot(TM) 64-Bit Server VM (25.45-b02) for linux-amd64 JRE (1.8.0_45-b14), built on Apr 10 2015 10:07:45 by "java_re" with gcc 4.3.0 20080428 (Red Hat 4.3.0-8)

time: Mon Jul  6 14:29:24 2015
elapsed time: 9 seconds (0d 0h 0m 9s)

